[12:40:28] [main/INFO]: Using mbed TLS based native cipher.
[12:40:28] [main/INFO]: Using zlib based native compressor.
[12:40:28] [main/INFO]: Enabled Waterfall version git:Waterfall-Bootstrap:1.19-R0.1-SNAPSHOT:f6069e2:513
[12:40:28] [main/INFO]: Not on Windows, attempting to use enhanced EpollEventLoop
[12:40:28] [main/INFO]: Epoll is working, utilising it!
[12:40:28] [main/INFO]: Discovered module: ModuleSpec(name=cmd_alert, file=modules/cmd_alert.jar, provider=JenkinsModuleSource())
[12:40:28] [main/INFO]: Discovered module: ModuleSpec(name=cmd_find, file=modules/cmd_find.jar, provider=JenkinsModuleSource())
[12:40:28] [main/INFO]: Discovered module: ModuleSpec(name=cmd_list, file=modules/cmd_list.jar, provider=JenkinsModuleSource())
[12:40:28] [main/INFO]: Discovered module: ModuleSpec(name=cmd_send, file=modules/cmd_send.jar, provider=JenkinsModuleSource())
[12:40:28] [main/INFO]: Discovered module: ModuleSpec(name=cmd_server, file=modules/cmd_server.jar, provider=JenkinsModuleSource())
[12:40:28] [main/INFO]: Discovered module: ModuleSpec(name=reconnect_yaml, file=modules/reconnect_yaml.jar, provider=JenkinsModuleSource())
[12:40:28] [main/INFO]: Loaded plugin reconnect_yaml version git:reconnect_yaml:1.19-R0.1-SNAPSHOT:f6069e2:513 by WaterfallMC
[12:40:28] [main/INFO]: Loaded plugin cmd_find version git:cmd_find:1.19-R0.1-SNAPSHOT:f6069e2:513 by WaterfallMC
[12:40:28] [main/INFO]: Loaded plugin cmd_server version git:cmd_server:1.19-R0.1-SNAPSHOT:f6069e2:513 by WaterfallMC
[12:40:28] [main/INFO]: Loaded plugin cmd_alert version git:cmd_alert:1.19-R0.1-SNAPSHOT:f6069e2:513 by WaterfallMC
[12:40:28] [main/INFO]: Loaded plugin cmd_send version git:cmd_send:1.19-R0.1-SNAPSHOT:f6069e2:513 by WaterfallMC
[12:40:28] [main/INFO]: Loaded plugin cmd_list version git:cmd_list:1.19-R0.1-SNAPSHOT:f6069e2:513 by WaterfallMC
[12:40:28] [main/WARN]: :>:>:>:>:>:>:>:>:>:>:>:>:>:>:>:>:>:>:>:>:>:>:>
[12:40:28] [main/WARN]: :>  
[12:40:28] [main/WARN]: :>      EAGLERCRAFTXBUNGEE WARNING:
[12:40:28] [main/WARN]: :>  
[12:40:28] [main/WARN]: :>  This plugin wasn't tested to be 'working'
[12:40:28] [main/WARN]: :>  with ANY version of BungeeCord (and forks)
[12:40:28] [main/WARN]: :>  apart from the versions listed below:
[12:40:28] [main/WARN]: :>  
[12:40:28] [main/WARN]: :>  - BungeeCord: 1.20-R0.3-SNAPSHOT:eda268b:1797
[12:40:28] [main/WARN]: :>  - Waterfall: 1.20-R0.2-SNAPSHOT:92b5149:562
[12:40:28] [main/WARN]: :>  - FlameCord: 1.1.1
[12:40:28] [main/WARN]: :>  
[12:40:28] [main/WARN]: :>  This is not a Bukkit/Spigot plugin!
[12:40:28] [main/WARN]: :>  
[12:40:28] [main/WARN]: :>  Use "-Deaglerxbungee.stfu=true" to hide
[12:40:28] [main/WARN]: :>  
[12:40:28] [main/WARN]: :>:>:>:>:>:>:>:>:>:>:>:>:>:>:>:>:>:>:>:>:>:>:>
[12:40:29] [main/INFO] [EaglercraftXBungee]: Loading vanilla profile: lax1dude
[12:40:30] [Skin Download Thread #1/INFO] [EaglercraftXBungee]: Loaded vanilla profile: lax1dude
[12:40:30] [main/INFO]: Loaded plugin EaglercraftXBungee version 1.0.10 by lax1dude
[12:40:30] [main/WARN]: Forced host server pvp is not defined
[12:40:30] [main/INFO]: Enabled plugin reconnect_yaml version git:reconnect_yaml:1.19-R0.1-SNAPSHOT:f6069e2:513 by WaterfallMC
[12:40:30] [main/INFO]: Enabled plugin cmd_find version git:cmd_find:1.19-R0.1-SNAPSHOT:f6069e2:513 by WaterfallMC
[12:40:30] [main/INFO]: Enabled plugin cmd_server version git:cmd_server:1.19-R0.1-SNAPSHOT:f6069e2:513 by WaterfallMC
[12:40:30] [main/INFO]: Enabled plugin cmd_alert version git:cmd_alert:1.19-R0.1-SNAPSHOT:f6069e2:513 by WaterfallMC
[12:40:30] [main/INFO]: Enabled plugin cmd_send version git:cmd_send:1.19-R0.1-SNAPSHOT:f6069e2:513 by WaterfallMC
[12:40:30] [main/INFO]: Enabled plugin cmd_list version git:cmd_list:1.19-R0.1-SNAPSHOT:f6069e2:513 by WaterfallMC
[12:40:30] [main/ERROR] [EaglercraftXBungee]: Online mode is set to false! Authentication system has been disabled
[12:40:30] [Netty Worker IO Thread #0/INFO] [EaglercraftXBungee]: Eaglercraft is listening on: /0.0.0.0:8081
[12:40:31] [main/INFO] [EaglercraftXBungee]: Connected to database: jdbc:sqlite:eaglercraft_skins_cache.db
[12:40:31] [main/INFO]: Enabled plugin EaglercraftXBungee version 1.0.10 by lax1dude
[12:40:31] [Netty Boss IO Thread #0/INFO]: Listening on /127.0.0.1:25577
[12:40:31] [EaglerXBungee: Network Tick Tasks/INFO] [EaglercraftXBungee]: Loaded certificate: /workspaces/server-test/bungee/plugins/EaglercraftXBungee/eagcert/$dl.24a1bafc15c675276968d78cdcb55a04992bddb0.cert
[13:26:28] [Netty Worker IO Thread #1/INFO] [EaglercraftXBungee]: [/[0:0:0:0:0:0:0:1%0]:58940]: Connected via websocket
[13:26:28] [Netty Worker IO Thread #1/INFO] [EaglercraftXBungee]: [/[0:0:0:0:0:0:0:1%0]:58940]: Origin header is null
[13:26:29] [Netty Worker IO Thread #1/INFO] [EaglercraftXBungee]: [/[0:0:0:0:0:0:0:1%0]:58940]: Logged in as 'no_1'
[13:26:29] [Netty Worker IO Thread #1/INFO]: [/[0:0:0:0:0:0:0:1%0]:58940|no_1] -> UpstreamBridge has connected
[13:26:29] [Netty Worker IO Thread #1/INFO]: [no_1|/[0:0:0:0:0:0:0:1%0]:58940] <-> ServerConnector [lobby] has connected
[13:38:02] [Netty Worker IO Thread #1/INFO]: [/[0:0:0:0:0:0:0:1%0]:58940|no_1] -> UpstreamBridge has disconnected
[13:38:02] [Netty Worker IO Thread #1/INFO]: [no_1] disconnected with: Proxy lost connection to server.
[13:38:02] [Netty Worker IO Thread #1/INFO]: [/[0:0:0:0:0:0:0:1%0]:58940|no_1] <-> DownstreamBridge <-> [lobby] has disconnected
[13:38:03] [Netty Worker IO Thread #2/WARN] [EaglercraftXBungee]: Server icon is not a file: /workspaces/server-test/bungee/server-icon.png
[13:40:07] [Netty Worker IO Thread #0/INFO] [EaglercraftXBungee]: [/[0:0:0:0:0:0:0:1%0]:51950]: Connected via websocket
[13:40:07] [Netty Worker IO Thread #0/INFO] [EaglercraftXBungee]: [/[0:0:0:0:0:0:0:1%0]:51950]: Origin header is null
[13:40:07] [Netty Worker IO Thread #0/INFO] [EaglercraftXBungee]: [/[0:0:0:0:0:0:0:1%0]:51950]: Logged in as 'no_1'
[13:40:07] [Netty Worker IO Thread #0/INFO]: [/[0:0:0:0:0:0:0:1%0]:51950|no_1] -> UpstreamBridge has connected
[13:40:07] [Netty Worker IO Thread #0/INFO]: [no_1|/[0:0:0:0:0:0:0:1%0]:51950] <-> ServerConnector [lobby] has connected
[13:40:54] [Netty Worker IO Thread #2/INFO] [EaglercraftXBungee]: [/[0:0:0:0:0:0:0:1%0]:38814]: Connected via websocket
[13:40:54] [Netty Worker IO Thread #2/INFO] [EaglercraftXBungee]: [/[0:0:0:0:0:0:0:1%0]:38814]: Origin header is null
[13:40:54] [Netty Worker IO Thread #2/INFO] [EaglercraftXBungee]: [/[0:0:0:0:0:0:0:1%0]:38814]: Logged in as 'TheCaptainH'
[13:40:54] [Netty Worker IO Thread #2/INFO]: [/[0:0:0:0:0:0:0:1%0]:38814|TheCaptainH] -> UpstreamBridge has connected
[13:40:54] [Netty Worker IO Thread #2/INFO]: [TheCaptainH|/[0:0:0:0:0:0:0:1%0]:38814] <-> ServerConnector [lobby] has connected
[13:45:28] [Netty Worker IO Thread #0/INFO]: [/[0:0:0:0:0:0:0:1%0]:51950|no_1] -> UpstreamBridge has disconnected
[13:45:28] [Netty Worker IO Thread #0/INFO]: [no_1] disconnected with: Proxy lost connection to server.
[13:45:28] [Netty Worker IO Thread #0/INFO]: [/[0:0:0:0:0:0:0:1%0]:51950|no_1] <-> DownstreamBridge <-> [lobby] has disconnected
[13:46:09] [Netty Worker IO Thread #2/INFO]: [/[0:0:0:0:0:0:0:1%0]:38814|TheCaptainH] -> UpstreamBridge has disconnected
[13:46:09] [Netty Worker IO Thread #2/INFO]: [TheCaptainH] disconnected with: Proxy lost connection to server.
[13:46:09] [Netty Worker IO Thread #2/INFO]: [/[0:0:0:0:0:0:0:1%0]:38814|TheCaptainH] <-> DownstreamBridge <-> [lobby] has disconnected
[13:48:48] [Netty Worker IO Thread #1/INFO] [EaglercraftXBungee]: [/[0:0:0:0:0:0:0:1%0]:37204]: Connected via websocket
[13:48:48] [Netty Worker IO Thread #1/INFO] [EaglercraftXBungee]: [/[0:0:0:0:0:0:0:1%0]:37204]: Origin header is null
[13:48:48] [Netty Worker IO Thread #1/INFO] [EaglercraftXBungee]: [/[0:0:0:0:0:0:0:1%0]:37204]: Logged in as 'TheCaptainH'
[13:48:48] [Netty Worker IO Thread #1/INFO]: [/[0:0:0:0:0:0:0:1%0]:37204|TheCaptainH] -> UpstreamBridge has connected
[13:48:48] [Netty Worker IO Thread #1/INFO]: [TheCaptainH|/[0:0:0:0:0:0:0:1%0]:37204] <-> ServerConnector [lobby] has connected
[13:49:15] [Netty Worker IO Thread #1/INFO]: [/[0:0:0:0:0:0:0:1%0]:37204|TheCaptainH] -> UpstreamBridge has disconnected
[13:49:15] [Netty Worker IO Thread #1/INFO]: [TheCaptainH] disconnected with: Proxy lost connection to server.
[13:49:15] [Netty Worker IO Thread #1/INFO]: [/[0:0:0:0:0:0:0:1%0]:37204|TheCaptainH] <-> DownstreamBridge <-> [lobby] has disconnected
